Arguments: 
  /usr/bin/node /usr/bin/yarn add @types/uuid -D

PATH: 
  /home/rmendes/.poetry/bin:/home/rmendes/.local/bin:/home/rmendes/.poetry/bin:/home/rmendes/.local/bin:/home/rmendes/.cargo/bin:/usr/local/sbin:/usr/local/bin:/usr/sbin:/usr/bin:/sbin:/bin:/usr/games:/usr/local/games:/snap/bin:/home/rmendes/app/node-v10.23.0/bin:/home/rmendes/app/go/bin:/home/rmendes/app/node-v10.23.0/bin:/home/rmendes/app/go/bin

Yarn version: 
  1.22.10

Node version: 
  14.16.0

Platform: 
  linux x64

Trace: 
  Error: https://alayacare-406883902139.d.codeartifact.us-east-1.amazonaws.com/npm/alaya-npm/express: Unauthenticated: request used expired credentials. Please renew your credentials.
      at Request.params.callback [as _callback] (/usr/lib/node_modules/yarn/lib/cli.js:66988:18)
      at Request.self.callback (/usr/lib/node_modules/yarn/lib/cli.js:140662:22)
      at Request.emit (events.js:315:20)
      at Request.<anonymous> (/usr/lib/node_modules/yarn/lib/cli.js:141634:10)
      at Request.emit (events.js:315:20)
      at Gunzip.<anonymous> (/usr/lib/node_modules/yarn/lib/cli.js:141556:12)
      at Object.onceWrapper (events.js:421:28)
      at Gunzip.emit (events.js:315:20)
      at endReadableNT (internal/streams/readable.js:1327:12)
      at processTicksAndRejections (internal/process/task_queues.js:80:21)

npm manifest: 
  {
    "name": "api",
    "version": "1.0.0",
    "description": "",
    "main": "index.js",
    "scripts": {
      "test": "echo \"Error: no test specified\" && exit 1",
      "tsc": "tsc",
      "dev": "tsnd --transpile-only --ignore-watch node_modules ./src/server.ts",
      "typeorm": "tsnd node_modules/typeorm/cli.js",
      "migration:create": "tsnd node_modules/typeorm/cli.js migration:create -n ",
      "migration:run": "tsnd node_modules/typeorm/cli.js migration:run",
      "migration:revert": "tsnd node_modules/typeorm/cli.js migration:revert"
    },
    "keywords": [],
    "author": "",
    "license": "ISC",
    "devDependencies": {
      "@types/express": "^4.17.11",
      "@types/node": "^14.14.31",
      "nodemon": "^2.0.7",
      "ts-node-dev": "^1.1.6",
      "typescript": "^4.2.2"
    },
    "dependencies": {
      "express": "^4.17.1",
      "reflect-metadata": "^0.1.13",
      "sqlite3": "^5.0.2",
      "typeorm": "^0.2.31"
    }
  }

yarn manifest: 
  No manifest

Lockfile: 
  No lockfile
